hostlist = node33
node33.local
Sun Mar  5 11:15:45 PST 2023
node33
node33
node33
node33

===================================================================================
=   BAD TERMINATION OF ONE OF YOUR APPLICATION PROCESSES
=   PID 169842 RUNNING AT node33
=   EXIT CODE: 11
=   CLEANING UP REMAINING PROCESSES
=   YOU CAN IGNORE THE BELOW CLEANUP MESSAGES
===================================================================================
YOUR APPLICATION TERMINATED WITH THE EXIT STRING: Segmentation fault (signal 11)
This typically refers to a problem with your application.
Please see the FAQ page for debugging suggestions

===================================================================================
=   BAD TERMINATION OF ONE OF YOUR APPLICATION PROCESSES
=   PID 169822 RUNNING AT node33
=   EXIT CODE: 11
=   CLEANING UP REMAINING PROCESSES
=   YOU CAN IGNORE THE BELOW CLEANUP MESSAGES
===================================================================================

===================================================================================
=   BAD TERMINATION OF ONE OF YOUR APPLICATION PROCESSES
=   PID 169834 RUNNING AT node33
=   EXIT CODE: 11
=   CLEANING UP REMAINING PROCESSES
=   YOU CAN IGNORE THE BELOW CLEANUP MESSAGES
===================================================================================
YOUR APPLICATION TERMINATED WITH THE EXIT STRING: Segmentation fault (signal 11)
This typically refers to a problem with your application.
Please see the FAQ page for debugging suggestions
YOUR APPLICATION TERMINATED WITH THE EXIT STRING: Segmentation fault (signal 11)
This typically refers to a problem with your application.
Please see the FAQ page for debugging suggestions

===================================================================================
=   BAD TERMINATION OF ONE OF YOUR APPLICATION PROCESSES
=   PID 169851 RUNNING AT node33
=   EXIT CODE: 11
=   CLEANING UP REMAINING PROCESSES
=   YOU CAN IGNORE THE BELOW CLEANUP MESSAGES
===================================================================================
YOUR APPLICATION TERMINATED WITH THE EXIT STRING: Segmentation fault (signal 11)
This typically refers to a problem with your application.
Please see the FAQ page for debugging suggestions
Simulation finished... 0 minutes and 1 seconds elapsed.
/files0/oddite/tang584/molecular_dynamics_runs/stage0000/task0000:
total 144K
-rw-r--r-- 1 tang584 users    0 Mar  5 11:14 dummy.pdb
-rw-r--r-- 1 tang584 users  13K Mar  5 11:14 residue_100.dcd
-rw-r--r-- 1 tang584 users 108K Mar  5 11:14 residue_100.h5

/files0/oddite/tang584/molecular_dynamics_runs/stage0000/task0001:
total 144K
-rw-r--r-- 1 tang584 users    0 Mar  5 11:14 dummy.pdb
-rw-r--r-- 1 tang584 users  13K Mar  5 11:14 residue_100.dcd
-rw-r--r-- 1 tang584 users 108K Mar  5 11:14 residue_100.h5

/files0/oddite/tang584/molecular_dynamics_runs/stage0000/task0002:
total 144K
-rw-r--r-- 1 tang584 users    0 Mar  5 11:14 dummy.pdb
-rw-r--r-- 1 tang584 users  13K Mar  5 11:14 residue_100.dcd
-rw-r--r-- 1 tang584 users 108K Mar  5 11:14 residue_100.h5

/files0/oddite/tang584/molecular_dynamics_runs/stage0000/task0003:
total 144K
-rw-r--r-- 1 tang584 users    0 Mar  5 11:14 dummy.pdb
-rw-r--r-- 1 tang584 users  13K Mar  5 11:14 residue_100.dcd
-rw-r--r-- 1 tang584 users 107K Mar  5 11:14 residue_100.h5
Aggregation finished... 0 minutes and 2 seconds elapsed.
-rw-r--r-- 1 tang584 users 433K Mar  5 11:14 aggregate.h5
node33.local
Sun Mar  5 11:15:52 PST 2023
       JobID              Submit               Start                 End      State 
------------ ------------------- ------------------- ------------------- ---------- 
437997       2023-03-05T11:14:05 2023-03-05T11:14:06             Unknown    RUNNING 
437997.0     2023-03-05T11:14:09 2023-03-05T11:14:09 2023-03-05T11:14:10  COMPLETED 
437997.1     2023-03-05T11:14:10 2023-03-05T11:14:10             Unknown    RUNNING 
437997.2     2023-03-05T11:14:13 2023-03-05T11:14:13 2023-03-05T11:14:14     FAILED 
437997.3     2023-03-05T11:14:13 2023-03-05T11:14:13 2023-03-05T11:14:14     FAILED 
437997.4     2023-03-05T11:14:13 2023-03-05T11:14:13 2023-03-05T11:14:14     FAILED 
437997.5     2023-03-05T11:14:13 2023-03-05T11:14:13 2023-03-05T11:14:14     FAILED 
437997.6     2023-03-05T11:14:13 2023-03-05T11:14:13 2023-03-05T11:14:14  COMPLETED 
437997.7     2023-03-05T11:14:13 2023-03-05T11:14:13 2023-03-05T11:14:14  COMPLETED 
437997.8     2023-03-05T11:14:13 2023-03-05T11:14:13 2023-03-05T11:14:14  COMPLETED 
437997.9     2023-03-05T11:14:13 2023-03-05T11:14:13 2023-03-05T11:14:14  COMPLETED 
437997.10    2023-03-05T11:14:14 2023-03-05T11:14:14 2023-03-05T11:14:16  COMPLETED 
437997.11    2023-03-05T11:14:16 2023-03-05T11:14:16 2023-03-05T11:14:16     FAILED 
437997.12    2023-03-05T11:14:16 2023-03-05T11:14:16 2023-03-05T11:14:16  COMPLETED 
