hostlist = node32,node35
node32.local
Fri Mar  3 15:26:59 PST 2023
node32
node32
node32
node32
node32
node32
node35
node35
node35
node35
node35
node35
Simulation finished... 0 minutes and 16 seconds elapsed.
/files0/oddite/tang584/molecular_dynamics_runs/stage0000/task0000:
total 0
-rw-r--r-- 1 tang584 users 0 Mar  3 15:26 dummy.pdb
-rw-r--r-- 1 tang584 users 0 Mar  3 15:26 residue_100.dcd
-rw-r--r-- 1 tang584 users 0 Mar  3 15:26 residue_100.h5

/files0/oddite/tang584/molecular_dynamics_runs/stage0000/task0001:
total 0
-rw-r--r-- 1 tang584 users 0 Mar  3 15:26 dummy.pdb
-rw-r--r-- 1 tang584 users 0 Mar  3 15:26 residue_100.dcd
-rw-r--r-- 1 tang584 users 0 Mar  3 15:26 residue_100.h5

/files0/oddite/tang584/molecular_dynamics_runs/stage0000/task0002:
total 0
-rw-r--r-- 1 tang584 users 0 Mar  3 15:26 dummy.pdb
-rw-r--r-- 1 tang584 users 0 Mar  3 15:26 residue_100.dcd
-rw-r--r-- 1 tang584 users 0 Mar  3 15:26 residue_100.h5

/files0/oddite/tang584/molecular_dynamics_runs/stage0000/task0003:
total 0
-rw-r--r-- 1 tang584 users 0 Mar  3 15:26 dummy.pdb
-rw-r--r-- 1 tang584 users 0 Mar  3 15:26 residue_100.dcd
-rw-r--r-- 1 tang584 users 0 Mar  3 15:26 residue_100.h5

/files0/oddite/tang584/molecular_dynamics_runs/stage0000/task0004:
total 0
-rw-r--r-- 1 tang584 users 0 Mar  3 15:26 dummy.pdb
-rw-r--r-- 1 tang584 users 0 Mar  3 15:26 residue_100.dcd
-rw-r--r-- 1 tang584 users 0 Mar  3 15:26 residue_100.h5

/files0/oddite/tang584/molecular_dynamics_runs/stage0000/task0005:
total 0
-rw-r--r-- 1 tang584 users 0 Mar  3 15:26 dummy.pdb
-rw-r--r-- 1 tang584 users 0 Mar  3 15:26 residue_100.dcd
-rw-r--r-- 1 tang584 users 0 Mar  3 15:26 residue_100.h5

/files0/oddite/tang584/molecular_dynamics_runs/stage0000/task0006:
total 0
-rw-r--r-- 1 tang584 users 0 Mar  3 15:26 dummy.pdb
-rw-r--r-- 1 tang584 users 0 Mar  3 15:26 residue_100.dcd
-rw-r--r-- 1 tang584 users 0 Mar  3 15:26 residue_100.h5

/files0/oddite/tang584/molecular_dynamics_runs/stage0000/task0007:
total 0
-rw-r--r-- 1 tang584 users 0 Mar  3 15:26 dummy.pdb
-rw-r--r-- 1 tang584 users 0 Mar  3 15:26 residue_100.dcd
-rw-r--r-- 1 tang584 users 0 Mar  3 15:26 residue_100.h5

/files0/oddite/tang584/molecular_dynamics_runs/stage0000/task0008:
total 0
-rw-r--r-- 1 tang584 users 0 Mar  3 15:26 dummy.pdb
-rw-r--r-- 1 tang584 users 0 Mar  3 15:26 residue_100.dcd
-rw-r--r-- 1 tang584 users 0 Mar  3 15:26 residue_100.h5

/files0/oddite/tang584/molecular_dynamics_runs/stage0000/task0009:
total 0
-rw-r--r-- 1 tang584 users 0 Mar  3 15:26 dummy.pdb
-rw-r--r-- 1 tang584 users 0 Mar  3 15:26 residue_100.dcd
-rw-r--r-- 1 tang584 users 0 Mar  3 15:26 residue_100.h5

/files0/oddite/tang584/molecular_dynamics_runs/stage0000/task0010:
total 0
-rw-r--r-- 1 tang584 users 0 Mar  3 15:26 dummy.pdb
-rw-r--r-- 1 tang584 users 0 Mar  3 15:26 residue_100.dcd
-rw-r--r-- 1 tang584 users 0 Mar  3 15:26 residue_100.h5

/files0/oddite/tang584/molecular_dynamics_runs/stage0000/task0011:
total 0
-rw-r--r-- 1 tang584 users 0 Mar  3 15:26 dummy.pdb
-rw-r--r-- 1 tang584 users 0 Mar  3 15:26 residue_100.dcd
-rw-r--r-- 1 tang584 users 0 Mar  3 15:26 residue_100.h5
Aggregation finished... 0 minutes and 11 seconds elapsed.
-rw-r--r-- 1 tang584 users   0 Mar  3 15:26 aggregate.h5
node32.local
Fri Mar  3 15:27:31 PST 2023
       JobID              Submit               Start                 End      State 
------------ ------------------- ------------------- ------------------- ---------- 
437826       2023-03-03T15:25:53 2023-03-03T15:25:53             Unknown    RUNNING 
437826.0     2023-03-03T15:26:11 2023-03-03T15:26:11 2023-03-03T15:26:13  COMPLETED 
437826.1     2023-03-03T15:26:13 2023-03-03T15:26:13             Unknown    RUNNING 
437826.2     2023-03-03T15:26:16 2023-03-03T15:26:16 2023-03-03T15:26:31  COMPLETED 
437826.3     2023-03-03T15:26:16 2023-03-03T15:26:16 2023-03-03T15:26:31  COMPLETED 
437826.4     2023-03-03T15:26:16 2023-03-03T15:26:16 2023-03-03T15:26:30  COMPLETED 
437826.5     2023-03-03T15:26:16 2023-03-03T15:26:16 2023-03-03T15:26:32  COMPLETED 
437826.6     2023-03-03T15:26:16 2023-03-03T15:26:16 2023-03-03T15:26:31  COMPLETED 
437826.7     2023-03-03T15:26:16 2023-03-03T15:26:16 2023-03-03T15:26:31  COMPLETED 
437826.8     2023-03-03T15:26:16 2023-03-03T15:26:16 2023-03-03T15:26:32  COMPLETED 
437826.9     2023-03-03T15:26:16 2023-03-03T15:26:16 2023-03-03T15:26:31  COMPLETED 
437826.10    2023-03-03T15:26:16 2023-03-03T15:26:16 2023-03-03T15:26:32  COMPLETED 
437826.11    2023-03-03T15:26:16 2023-03-03T15:26:16 2023-03-03T15:26:30  COMPLETED 
437826.12    2023-03-03T15:26:16 2023-03-03T15:26:16 2023-03-03T15:26:31  COMPLETED 
437826.13    2023-03-03T15:26:16 2023-03-03T15:26:16 2023-03-03T15:26:32  COMPLETED 
437826.14    2023-03-03T15:26:16 2023-03-03T15:26:16 2023-03-03T15:26:32  COMPLETED 
437826.15    2023-03-03T15:26:16 2023-03-03T15:26:16 2023-03-03T15:26:32  COMPLETED 
437826.16    2023-03-03T15:26:16 2023-03-03T15:26:16 2023-03-03T15:26:31  COMPLETED 
437826.17    2023-03-03T15:26:16 2023-03-03T15:26:16 2023-03-03T15:26:32  COMPLETED 
437826.18    2023-03-03T15:26:16 2023-03-03T15:26:16 2023-03-03T15:26:32  COMPLETED 
437826.19    2023-03-03T15:26:16 2023-03-03T15:26:16 2023-03-03T15:26:32  COMPLETED 
437826.20    2023-03-03T15:26:16 2023-03-03T15:26:16 2023-03-03T15:26:31  COMPLETED 
437826.21    2023-03-03T15:26:16 2023-03-03T15:26:16 2023-03-03T15:26:32  COMPLETED 
437826.22    2023-03-03T15:26:16 2023-03-03T15:26:16 2023-03-03T15:26:32  COMPLETED 
437826.23    2023-03-03T15:26:16 2023-03-03T15:26:16 2023-03-03T15:26:32  COMPLETED 
437826.24    2023-03-03T15:26:16 2023-03-03T15:26:16 2023-03-03T15:26:32  COMPLETED 
437826.25    2023-03-03T15:26:16 2023-03-03T15:26:16 2023-03-03T15:26:32  COMPLETED 
437826.26    2023-03-03T15:26:32 2023-03-03T15:26:32 2023-03-03T15:26:42  COMPLETED 
437826.27    2023-03-03T15:26:42 2023-03-03T15:26:42 2023-03-03T15:26:42     FAILED 
