hostlist=node37,node39,node40,node41,node42,node43
node37.local
Tue Feb 28 20:03:01 PST 2023
node37 /qfs/projects/oddite/tang584/ddmd_runs/hermes_test_100ps/molecular_dynamics_runs/stage0000/task0000
node37 /qfs/projects/oddite/tang584/ddmd_runs/hermes_test_100ps/molecular_dynamics_runs/stage0000/task0001
node37 /qfs/projects/oddite/tang584/ddmd_runs/hermes_test_100ps/molecular_dynamics_runs/stage0000/task0002
node37 /qfs/projects/oddite/tang584/ddmd_runs/hermes_test_100ps/molecular_dynamics_runs/stage0000/task0003
node39 /qfs/projects/oddite/tang584/ddmd_runs/hermes_test_100ps/molecular_dynamics_runs/stage0000/task0004
node39 /qfs/projects/oddite/tang584/ddmd_runs/hermes_test_100ps/molecular_dynamics_runs/stage0000/task0005
node39 /qfs/projects/oddite/tang584/ddmd_runs/hermes_test_100ps/molecular_dynamics_runs/stage0000/task0006
node39 /qfs/projects/oddite/tang584/ddmd_runs/hermes_test_100ps/molecular_dynamics_runs/stage0000/task0007
node40 /qfs/projects/oddite/tang584/ddmd_runs/hermes_test_100ps/molecular_dynamics_runs/stage0000/task0008
node40 /qfs/projects/oddite/tang584/ddmd_runs/hermes_test_100ps/molecular_dynamics_runs/stage0000/task0009
node40 /qfs/projects/oddite/tang584/ddmd_runs/hermes_test_100ps/molecular_dynamics_runs/stage0000/task0010
node40 /qfs/projects/oddite/tang584/ddmd_runs/hermes_test_100ps/molecular_dynamics_runs/stage0000/task0011
node41 /qfs/projects/oddite/tang584/ddmd_runs/hermes_test_100ps/molecular_dynamics_runs/stage0000/task0012
node41 /qfs/projects/oddite/tang584/ddmd_runs/hermes_test_100ps/molecular_dynamics_runs/stage0000/task0013
node41 /qfs/projects/oddite/tang584/ddmd_runs/hermes_test_100ps/molecular_dynamics_runs/stage0000/task0014
node41 /qfs/projects/oddite/tang584/ddmd_runs/hermes_test_100ps/molecular_dynamics_runs/stage0000/task0015
node42 /qfs/projects/oddite/tang584/ddmd_runs/hermes_test_100ps/molecular_dynamics_runs/stage0000/task0016
node42 /qfs/projects/oddite/tang584/ddmd_runs/hermes_test_100ps/molecular_dynamics_runs/stage0000/task0017
node42 /qfs/projects/oddite/tang584/ddmd_runs/hermes_test_100ps/molecular_dynamics_runs/stage0000/task0018
node42 /qfs/projects/oddite/tang584/ddmd_runs/hermes_test_100ps/molecular_dynamics_runs/stage0000/task0019
node43 /qfs/projects/oddite/tang584/ddmd_runs/hermes_test_100ps/molecular_dynamics_runs/stage0000/task0020
node43 /qfs/projects/oddite/tang584/ddmd_runs/hermes_test_100ps/molecular_dynamics_runs/stage0000/task0021
node43 /qfs/projects/oddite/tang584/ddmd_runs/hermes_test_100ps/molecular_dynamics_runs/stage0000/task0022
node43 /qfs/projects/oddite/tang584/ddmd_runs/hermes_test_100ps/molecular_dynamics_runs/stage0000/task0023
OpenMM done... 6 minutes and 2 seconds elapsed.
/qfs/projects/oddite/tang584/ddmd_runs/hermes_test_100ps/molecular_dynamics_runs/stage0000/task0000:
total 844K
-rw-r--r-- 1 tang584 oddite  797 Feb 28 20:03 molecular_dynamics_stage_test.yaml
-rw-r--r-- 1 tang584 oddite 599K Feb 28  2023 stage0000_task0000.dcd
-rw-r--r-- 1 tang584 oddite 164K Feb 28  2023 stage0000_task0000.h5
-rw-r--r-- 1 tang584 oddite 8.5K Feb 28  2023 stage0000_task0000.log
-rw-r--r-- 1 tang584 oddite  39K Feb 28 20:03 system__1FME-unfolded.pdb
-rw-r--r-- 1 tang584 oddite 2.3K Feb 28  2023 task0000_OPENMM.log

/qfs/projects/oddite/tang584/ddmd_runs/hermes_test_100ps/molecular_dynamics_runs/stage0000/task0001:
total 844K
-rw-r--r-- 1 tang584 oddite  797 Feb 28 20:03 molecular_dynamics_stage_test.yaml
-rw-r--r-- 1 tang584 oddite 599K Feb 28  2023 stage0000_task0001.dcd
-rw-r--r-- 1 tang584 oddite 164K Feb 28  2023 stage0000_task0001.h5
-rw-r--r-- 1 tang584 oddite 8.5K Feb 28  2023 stage0000_task0001.log
-rw-r--r-- 1 tang584 oddite  39K Feb 28 20:03 system__1FME-unfolded.pdb
-rw-r--r-- 1 tang584 oddite 2.3K Feb 28  2023 task0001_OPENMM.log

/qfs/projects/oddite/tang584/ddmd_runs/hermes_test_100ps/molecular_dynamics_runs/stage0000/task0002:
total 844K
-rw-r--r-- 1 tang584 oddite  797 Feb 28 20:03 molecular_dynamics_stage_test.yaml
-rw-r--r-- 1 tang584 oddite 599K Feb 28  2023 stage0000_task0002.dcd
-rw-r--r-- 1 tang584 oddite 164K Feb 28  2023 stage0000_task0002.h5
-rw-r--r-- 1 tang584 oddite 8.5K Feb 28  2023 stage0000_task0002.log
-rw-r--r-- 1 tang584 oddite  39K Feb 28 20:03 system__1FME-unfolded.pdb
-rw-r--r-- 1 tang584 oddite 2.3K Feb 28  2023 task0002_OPENMM.log

/qfs/projects/oddite/tang584/ddmd_runs/hermes_test_100ps/molecular_dynamics_runs/stage0000/task0003:
total 844K
-rw-r--r-- 1 tang584 oddite  797 Feb 28 20:03 molecular_dynamics_stage_test.yaml
-rw-r--r-- 1 tang584 oddite 599K Feb 28  2023 stage0000_task0003.dcd
-rw-r--r-- 1 tang584 oddite 164K Feb 28  2023 stage0000_task0003.h5
-rw-r--r-- 1 tang584 oddite 8.5K Feb 28  2023 stage0000_task0003.log
-rw-r--r-- 1 tang584 oddite  39K Feb 28 20:03 system__1FME-unfolded.pdb
-rw-r--r-- 1 tang584 oddite 2.3K Feb 28  2023 task0003_OPENMM.log

/qfs/projects/oddite/tang584/ddmd_runs/hermes_test_100ps/molecular_dynamics_runs/stage0000/task0004:
total 844K
-rw-r--r-- 1 tang584 oddite  797 Feb 28 20:03 molecular_dynamics_stage_test.yaml
-rw-r--r-- 1 tang584 oddite 599K Feb 28  2023 stage0000_task0004.dcd
-rw-r--r-- 1 tang584 oddite 164K Feb 28  2023 stage0000_task0004.h5
-rw-r--r-- 1 tang584 oddite 8.5K Feb 28  2023 stage0000_task0004.log
-rw-r--r-- 1 tang584 oddite  39K Feb 28 20:03 system__1FME-unfolded.pdb
-rw-r--r-- 1 tang584 oddite 2.3K Feb 28  2023 task0004_OPENMM.log

/qfs/projects/oddite/tang584/ddmd_runs/hermes_test_100ps/molecular_dynamics_runs/stage0000/task0005:
total 844K
-rw-r--r-- 1 tang584 oddite  797 Feb 28 20:03 molecular_dynamics_stage_test.yaml
-rw-r--r-- 1 tang584 oddite 599K Feb 28  2023 stage0000_task0005.dcd
-rw-r--r-- 1 tang584 oddite 164K Feb 28  2023 stage0000_task0005.h5
-rw-r--r-- 1 tang584 oddite 8.5K Feb 28  2023 stage0000_task0005.log
-rw-r--r-- 1 tang584 oddite  39K Feb 28 20:03 system__1FME-unfolded.pdb
-rw-r--r-- 1 tang584 oddite 2.3K Feb 28  2023 task0005_OPENMM.log

/qfs/projects/oddite/tang584/ddmd_runs/hermes_test_100ps/molecular_dynamics_runs/stage0000/task0006:
total 844K
-rw-r--r-- 1 tang584 oddite  797 Feb 28 20:03 molecular_dynamics_stage_test.yaml
-rw-r--r-- 1 tang584 oddite 599K Feb 28  2023 stage0000_task0006.dcd
-rw-r--r-- 1 tang584 oddite 164K Feb 28  2023 stage0000_task0006.h5
-rw-r--r-- 1 tang584 oddite 8.5K Feb 28  2023 stage0000_task0006.log
-rw-r--r-- 1 tang584 oddite  39K Feb 28 20:03 system__1FME-unfolded.pdb
-rw-r--r-- 1 tang584 oddite 2.3K Feb 28  2023 task0006_OPENMM.log

/qfs/projects/oddite/tang584/ddmd_runs/hermes_test_100ps/molecular_dynamics_runs/stage0000/task0007:
total 844K
-rw-r--r-- 1 tang584 oddite  797 Feb 28 20:03 molecular_dynamics_stage_test.yaml
-rw-r--r-- 1 tang584 oddite 599K Feb 28  2023 stage0000_task0007.dcd
-rw-r--r-- 1 tang584 oddite 164K Feb 28  2023 stage0000_task0007.h5
-rw-r--r-- 1 tang584 oddite 8.5K Feb 28  2023 stage0000_task0007.log
-rw-r--r-- 1 tang584 oddite  39K Feb 28 20:03 system__1FME-unfolded.pdb
-rw-r--r-- 1 tang584 oddite 2.3K Feb 28  2023 task0007_OPENMM.log

/qfs/projects/oddite/tang584/ddmd_runs/hermes_test_100ps/molecular_dynamics_runs/stage0000/task0008:
total 844K
-rw-r--r-- 1 tang584 oddite  797 Feb 28 20:03 molecular_dynamics_stage_test.yaml
-rw-r--r-- 1 tang584 oddite 599K Feb 28  2023 stage0000_task0008.dcd
-rw-r--r-- 1 tang584 oddite 164K Feb 28  2023 stage0000_task0008.h5
-rw-r--r-- 1 tang584 oddite 8.5K Feb 28  2023 stage0000_task0008.log
-rw-r--r-- 1 tang584 oddite  39K Feb 28 20:03 system__1FME-unfolded.pdb
-rw-r--r-- 1 tang584 oddite 2.3K Feb 28  2023 task0008_OPENMM.log

/qfs/projects/oddite/tang584/ddmd_runs/hermes_test_100ps/molecular_dynamics_runs/stage0000/task0009:
total 844K
-rw-r--r-- 1 tang584 oddite  797 Feb 28 20:03 molecular_dynamics_stage_test.yaml
-rw-r--r-- 1 tang584 oddite 599K Feb 28  2023 stage0000_task0009.dcd
-rw-r--r-- 1 tang584 oddite 164K Feb 28  2023 stage0000_task0009.h5
-rw-r--r-- 1 tang584 oddite 8.5K Feb 28  2023 stage0000_task0009.log
-rw-r--r-- 1 tang584 oddite  39K Feb 28 20:03 system__1FME-unfolded.pdb
-rw-r--r-- 1 tang584 oddite 2.3K Feb 28  2023 task0009_OPENMM.log

/qfs/projects/oddite/tang584/ddmd_runs/hermes_test_100ps/molecular_dynamics_runs/stage0000/task0010:
total 844K
-rw-r--r-- 1 tang584 oddite  797 Feb 28 20:03 molecular_dynamics_stage_test.yaml
-rw-r--r-- 1 tang584 oddite 599K Feb 28  2023 stage0000_task0010.dcd
-rw-r--r-- 1 tang584 oddite 164K Feb 28  2023 stage0000_task0010.h5
-rw-r--r-- 1 tang584 oddite 8.5K Feb 28  2023 stage0000_task0010.log
-rw-r--r-- 1 tang584 oddite  39K Feb 28 20:03 system__1FME-unfolded.pdb
-rw-r--r-- 1 tang584 oddite 2.3K Feb 28  2023 task0010_OPENMM.log

/qfs/projects/oddite/tang584/ddmd_runs/hermes_test_100ps/molecular_dynamics_runs/stage0000/task0011:
total 844K
-rw-r--r-- 1 tang584 oddite  797 Feb 28 20:03 molecular_dynamics_stage_test.yaml
-rw-r--r-- 1 tang584 oddite 599K Feb 28  2023 stage0000_task0011.dcd
-rw-r--r-- 1 tang584 oddite 164K Feb 28  2023 stage0000_task0011.h5
-rw-r--r-- 1 tang584 oddite 8.5K Feb 28  2023 stage0000_task0011.log
-rw-r--r-- 1 tang584 oddite  39K Feb 28 20:04 system__1FME-unfolded.pdb
-rw-r--r-- 1 tang584 oddite 2.3K Feb 28  2023 task0011_OPENMM.log

/qfs/projects/oddite/tang584/ddmd_runs/hermes_test_100ps/molecular_dynamics_runs/stage0000/task0012:
total 844K
-rw-r--r-- 1 tang584 oddite  797 Feb 28 20:03 molecular_dynamics_stage_test.yaml
-rw-r--r-- 1 tang584 oddite 599K Feb 28  2023 stage0000_task0012.dcd
-rw-r--r-- 1 tang584 oddite 164K Feb 28  2023 stage0000_task0012.h5
-rw-r--r-- 1 tang584 oddite 8.5K Feb 28  2023 stage0000_task0012.log
-rw-r--r-- 1 tang584 oddite  39K Feb 28 20:04 system__1FME-unfolded.pdb
-rw-r--r-- 1 tang584 oddite 2.3K Feb 28  2023 task0012_OPENMM.log

/qfs/projects/oddite/tang584/ddmd_runs/hermes_test_100ps/molecular_dynamics_runs/stage0000/task0013:
total 844K
-rw-r--r-- 1 tang584 oddite  797 Feb 28 20:04 molecular_dynamics_stage_test.yaml
-rw-r--r-- 1 tang584 oddite 599K Feb 28  2023 stage0000_task0013.dcd
-rw-r--r-- 1 tang584 oddite 164K Feb 28  2023 stage0000_task0013.h5
-rw-r--r-- 1 tang584 oddite 8.4K Feb 28  2023 stage0000_task0013.log
-rw-r--r-- 1 tang584 oddite  39K Feb 28 20:04 system__1FME-unfolded.pdb
-rw-r--r-- 1 tang584 oddite 2.3K Feb 28  2023 task0013_OPENMM.log

/qfs/projects/oddite/tang584/ddmd_runs/hermes_test_100ps/molecular_dynamics_runs/stage0000/task0014:
total 844K
-rw-r--r-- 1 tang584 oddite  797 Feb 28 20:04 molecular_dynamics_stage_test.yaml
-rw-r--r-- 1 tang584 oddite 599K Feb 28  2023 stage0000_task0014.dcd
-rw-r--r-- 1 tang584 oddite 164K Feb 28  2023 stage0000_task0014.h5
-rw-r--r-- 1 tang584 oddite 8.5K Feb 28  2023 stage0000_task0014.log
-rw-r--r-- 1 tang584 oddite  39K Feb 28 20:04 system__1FME-unfolded.pdb
-rw-r--r-- 1 tang584 oddite 2.3K Feb 28  2023 task0014_OPENMM.log

/qfs/projects/oddite/tang584/ddmd_runs/hermes_test_100ps/molecular_dynamics_runs/stage0000/task0015:
total 844K
-rw-r--r-- 1 tang584 oddite  797 Feb 28 20:04 molecular_dynamics_stage_test.yaml
-rw-r--r-- 1 tang584 oddite 599K Feb 28  2023 stage0000_task0015.dcd
-rw-r--r-- 1 tang584 oddite 164K Feb 28  2023 stage0000_task0015.h5
-rw-r--r-- 1 tang584 oddite 8.5K Feb 28  2023 stage0000_task0015.log
-rw-r--r-- 1 tang584 oddite  39K Feb 28 20:04 system__1FME-unfolded.pdb
-rw-r--r-- 1 tang584 oddite 2.3K Feb 28  2023 task0015_OPENMM.log

/qfs/projects/oddite/tang584/ddmd_runs/hermes_test_100ps/molecular_dynamics_runs/stage0000/task0016:
total 844K
-rw-r--r-- 1 tang584 oddite  797 Feb 28 20:04 molecular_dynamics_stage_test.yaml
-rw-r--r-- 1 tang584 oddite 599K Feb 28  2023 stage0000_task0016.dcd
-rw-r--r-- 1 tang584 oddite 164K Feb 28  2023 stage0000_task0016.h5
-rw-r--r-- 1 tang584 oddite 8.5K Feb 28  2023 stage0000_task0016.log
-rw-r--r-- 1 tang584 oddite  39K Feb 28 20:04 system__1FME-unfolded.pdb
-rw-r--r-- 1 tang584 oddite 2.3K Feb 28  2023 task0016_OPENMM.log

/qfs/projects/oddite/tang584/ddmd_runs/hermes_test_100ps/molecular_dynamics_runs/stage0000/task0017:
total 844K
-rw-r--r-- 1 tang584 oddite  797 Feb 28 20:04 molecular_dynamics_stage_test.yaml
-rw-r--r-- 1 tang584 oddite 599K Feb 28  2023 stage0000_task0017.dcd
-rw-r--r-- 1 tang584 oddite 164K Feb 28  2023 stage0000_task0017.h5
-rw-r--r-- 1 tang584 oddite 8.5K Feb 28  2023 stage0000_task0017.log
-rw-r--r-- 1 tang584 oddite  39K Feb 28 20:04 system__1FME-unfolded.pdb
-rw-r--r-- 1 tang584 oddite 2.3K Feb 28  2023 task0017_OPENMM.log

/qfs/projects/oddite/tang584/ddmd_runs/hermes_test_100ps/molecular_dynamics_runs/stage0000/task0018:
total 844K
-rw-r--r-- 1 tang584 oddite  797 Feb 28 20:04 molecular_dynamics_stage_test.yaml
-rw-r--r-- 1 tang584 oddite 599K Feb 28  2023 stage0000_task0018.dcd
-rw-r--r-- 1 tang584 oddite 164K Feb 28  2023 stage0000_task0018.h5
-rw-r--r-- 1 tang584 oddite 8.5K Feb 28  2023 stage0000_task0018.log
-rw-r--r-- 1 tang584 oddite  39K Feb 28 20:04 system__1FME-unfolded.pdb
-rw-r--r-- 1 tang584 oddite 2.3K Feb 28  2023 task0018_OPENMM.log

/qfs/projects/oddite/tang584/ddmd_runs/hermes_test_100ps/molecular_dynamics_runs/stage0000/task0019:
total 844K
-rw-r--r-- 1 tang584 oddite  797 Feb 28 20:04 molecular_dynamics_stage_test.yaml
-rw-r--r-- 1 tang584 oddite 599K Feb 28  2023 stage0000_task0019.dcd
-rw-r--r-- 1 tang584 oddite 164K Feb 28  2023 stage0000_task0019.h5
-rw-r--r-- 1 tang584 oddite 8.5K Feb 28  2023 stage0000_task0019.log
-rw-r--r-- 1 tang584 oddite  39K Feb 28 20:04 system__1FME-unfolded.pdb
-rw-r--r-- 1 tang584 oddite 2.3K Feb 28  2023 task0019_OPENMM.log

/qfs/projects/oddite/tang584/ddmd_runs/hermes_test_100ps/molecular_dynamics_runs/stage0000/task0020:
total 828K
-rw-r--r-- 1 tang584 oddite  797 Feb 28 20:04 molecular_dynamics_stage_test.yaml
-rw-r--r-- 1 tang584 oddite 599K Feb 28  2023 stage0000_task0020.dcd
-rw-r--r-- 1 tang584 oddite 148K Feb 28  2023 stage0000_task0020.h5
-rw-r--r-- 1 tang584 oddite 8.5K Feb 28  2023 stage0000_task0020.log
-rw-r--r-- 1 tang584 oddite  39K Feb 28 20:04 system__1FME-unfolded.pdb
-rw-r--r-- 1 tang584 oddite 2.3K Feb 28  2023 task0020_OPENMM.log

/qfs/projects/oddite/tang584/ddmd_runs/hermes_test_100ps/molecular_dynamics_runs/stage0000/task0021:
total 844K
-rw-r--r-- 1 tang584 oddite  797 Feb 28 20:04 molecular_dynamics_stage_test.yaml
-rw-r--r-- 1 tang584 oddite 599K Feb 28  2023 stage0000_task0021.dcd
-rw-r--r-- 1 tang584 oddite 164K Feb 28  2023 stage0000_task0021.h5
-rw-r--r-- 1 tang584 oddite 8.5K Feb 28  2023 stage0000_task0021.log
-rw-r--r-- 1 tang584 oddite  39K Feb 28 20:04 system__1FME-unfolded.pdb
-rw-r--r-- 1 tang584 oddite 2.3K Feb 28  2023 task0021_OPENMM.log

/qfs/projects/oddite/tang584/ddmd_runs/hermes_test_100ps/molecular_dynamics_runs/stage0000/task0022:
total 844K
-rw-r--r-- 1 tang584 oddite  797 Feb 28 20:04 molecular_dynamics_stage_test.yaml
-rw-r--r-- 1 tang584 oddite 599K Feb 28  2023 stage0000_task0022.dcd
-rw-r--r-- 1 tang584 oddite 164K Feb 28  2023 stage0000_task0022.h5
-rw-r--r-- 1 tang584 oddite 8.5K Feb 28  2023 stage0000_task0022.log
-rw-r--r-- 1 tang584 oddite  39K Feb 28 20:04 system__1FME-unfolded.pdb
-rw-r--r-- 1 tang584 oddite 2.3K Feb 28  2023 task0022_OPENMM.log

/qfs/projects/oddite/tang584/ddmd_runs/hermes_test_100ps/molecular_dynamics_runs/stage0000/task0023:
total 828K
-rw-r--r-- 1 tang584 oddite  797 Feb 28 20:04 molecular_dynamics_stage_test.yaml
-rw-r--r-- 1 tang584 oddite 599K Feb 28  2023 stage0000_task0023.dcd
-rw-r--r-- 1 tang584 oddite 148K Feb 28  2023 stage0000_task0023.h5
-rw-r--r-- 1 tang584 oddite 8.5K Feb 28  2023 stage0000_task0023.log
-rw-r--r-- 1 tang584 oddite  39K Feb 28 20:04 system__1FME-unfolded.pdb
-rw-r--r-- 1 tang584 oddite 2.3K Feb 28  2023 task0023_OPENMM.log
Aggregate done... 0 minutes and 22 seconds elapsed.
total 3.9M
-rw-r--r-- 1 tang584 oddite 3.1M Feb 28  2023 aggregated.h5
-rw-r--r-- 1 tang584 oddite  726 Feb 28  2023 aggregate_stage_test.yaml
-rw-r--r-- 1 tang584 oddite  797 Feb 28 20:03 molecular_dynamics_stage_test.yaml
-rw-r--r-- 1 tang584 oddite 599K Feb 28  2023 stage0000_task0000.dcd
-rw-r--r-- 1 tang584 oddite 164K Feb 28  2023 stage0000_task0000.h5
-rw-r--r-- 1 tang584 oddite 8.5K Feb 28  2023 stage0000_task0000.log
-rw-r--r-- 1 tang584 oddite  39K Feb 28 20:03 system__1FME-unfolded.pdb
-rw-r--r-- 1 tang584 oddite 3.6K Feb 28  2023 task0000_AGGREGATE.log
-rw-r--r-- 1 tang584 oddite 2.3K Feb 28  2023 task0000_OPENMM.log
Training done... 0 minutes and 47 seconds elapsed.
total 296M
drwxr-sr-x 2 tang584 oddite 5.0K Feb 28  2023 checkpoint
-rw------- 1 tang584 oddite 4.1G Feb 28  2023 core.74084
-rw-r--r-- 1 tang584 oddite 1.4M Feb 28  2023 discriminator-weights.pt
drwxr-sr-x 2 tang584 oddite 5.0K Feb 28  2023 embeddings
-rw-r--r-- 1 tang584 oddite 1.9M Feb 28  2023 encoder-weights.pt
-rw-r--r-- 1 tang584 oddite 2.7M Feb 28  2023 generator-weights.pt
-rw-r--r-- 1 tang584 oddite 1.2K Feb 28  2023 loss.json
-rw-r--r-- 1 tang584 oddite  495 Feb 28  2023 model-hparams.json
-rw-r--r-- 1 tang584 oddite   82 Feb 28  2023 optimizer-hparams.json
-rw-r--r-- 1 tang584 oddite 401K Feb 28  2023 task0000_TRAINING.log
-rw-r--r-- 1 tang584 oddite  888 Feb 28 20:10 training_stage_test.yaml
-rw-r--r-- 1 tang584 oddite 1.3K Feb 28  2023 virtual-h5-metadata.json
-rw-r--r-- 1 tang584 oddite  10K Feb 28  2023 virtual_stage0000_task0000.h5
Inference done... 0 minutes and 6 seconds elapsed.
total 44K
-rw-r--r-- 1 tang584 oddite  483 Feb 28  2023 inference_stage_test.yaml
-rw-r--r-- 1 tang584 oddite 3.2K Feb 28  2023 task0000_INFERENCE.log
-rw-r--r-- 1 tang584 oddite 3.0K Feb 28  2023 virtual-h5-metadata.json
-rw-r--r-- 1 tang584 oddite  19K Feb 28  2023 virtual_stage0000_task0000.h5
node37.local
Tue Feb 28 20:10:25 PST 2023
       JobID              Submit               Start                 End      State 
------------ ------------------- ------------------- ------------------- ---------- 
437576       2023-02-28T20:01:49 2023-02-28T20:01:49             Unknown    RUNNING 
437576.0     2023-02-28T20:01:58 2023-02-28T20:01:58 2023-02-28T20:02:00  COMPLETED 
437576.1     2023-02-28T20:02:00 2023-02-28T20:02:00             Unknown    RUNNING 
437576.2     2023-02-28T20:02:04 2023-02-28T20:02:04 2023-02-28T20:07:53  COMPLETED 
437576.3     2023-02-28T20:02:04 2023-02-28T20:02:04 2023-02-28T20:07:53  COMPLETED 
437576.4     2023-02-28T20:02:05 2023-02-28T20:02:05 2023-02-28T20:07:51  COMPLETED 
437576.5     2023-02-28T20:02:05 2023-02-28T20:02:05 2023-02-28T20:07:51  COMPLETED 
437576.6     2023-02-28T20:02:05 2023-02-28T20:02:05 2023-02-28T20:08:00  COMPLETED 
437576.7     2023-02-28T20:02:06 2023-02-28T20:02:06 2023-02-28T20:08:00  COMPLETED 
437576.8     2023-02-28T20:02:06 2023-02-28T20:02:06 2023-02-28T20:07:54  COMPLETED 
437576.9     2023-02-28T20:02:06 2023-02-28T20:02:06 2023-02-28T20:07:54  COMPLETED 
437576.10    2023-02-28T20:02:07 2023-02-28T20:02:07 2023-02-28T20:07:58  COMPLETED 
437576.11    2023-02-28T20:02:07 2023-02-28T20:02:07 2023-02-28T20:07:58  COMPLETED 
437576.12    2023-02-28T20:02:08 2023-02-28T20:02:08 2023-02-28T20:07:58  COMPLETED 
437576.13    2023-02-28T20:02:08 2023-02-28T20:02:08 2023-02-28T20:07:58  COMPLETED 
437576.14    2023-02-28T20:02:09 2023-02-28T20:02:09 2023-02-28T20:08:02  COMPLETED 
437576.15    2023-02-28T20:02:09 2023-02-28T20:02:09 2023-02-28T20:08:02  COMPLETED 
437576.16    2023-02-28T20:02:10 2023-02-28T20:02:10 2023-02-28T20:07:33  COMPLETED 
437576.17    2023-02-28T20:02:10 2023-02-28T20:02:10 2023-02-28T20:07:33  COMPLETED 
437576.18    2023-02-28T20:02:11 2023-02-28T20:02:11 2023-02-28T20:08:00  COMPLETED 
437576.19    2023-02-28T20:02:11 2023-02-28T20:02:11 2023-02-28T20:08:00  COMPLETED 
437576.20    2023-02-28T20:02:12 2023-02-28T20:02:12 2023-02-28T20:08:01  COMPLETED 
437576.21    2023-02-28T20:02:12 2023-02-28T20:02:12 2023-02-28T20:08:01  COMPLETED 
437576.22    2023-02-28T20:02:13 2023-02-28T20:02:13 2023-02-28T20:07:38  COMPLETED 
437576.23    2023-02-28T20:02:13 2023-02-28T20:02:13 2023-02-28T20:07:38  COMPLETED 
437576.24    2023-02-28T20:02:14 2023-02-28T20:02:14 2023-02-28T20:07:36  COMPLETED 
437576.25    2023-02-28T20:02:14 2023-02-28T20:02:14 2023-02-28T20:07:36  COMPLETED 
437576.26    2023-02-28T20:02:15 2023-02-28T20:02:15 2023-02-28T20:08:03  COMPLETED 
437576.27    2023-02-28T20:02:15 2023-02-28T20:02:15 2023-02-28T20:08:03  COMPLETED 
437576.28    2023-02-28T20:02:16 2023-02-28T20:02:16 2023-02-28T20:07:47  COMPLETED 
437576.29    2023-02-28T20:02:16 2023-02-28T20:02:16 2023-02-28T20:07:47  COMPLETED 
437576.30    2023-02-28T20:02:17 2023-02-28T20:02:17 2023-02-28T20:08:01  COMPLETED 
437576.31    2023-02-28T20:02:17 2023-02-28T20:02:17 2023-02-28T20:08:01  COMPLETED 
437576.32    2023-02-28T20:02:18 2023-02-28T20:02:18 2023-02-28T20:07:51  COMPLETED 
437576.33    2023-02-28T20:02:18 2023-02-28T20:02:18 2023-02-28T20:07:51  COMPLETED 
437576.34    2023-02-28T20:02:20 2023-02-28T20:02:20 2023-02-28T20:08:00  COMPLETED 
437576.35    2023-02-28T20:02:20 2023-02-28T20:02:20 2023-02-28T20:08:00  COMPLETED 
437576.36    2023-02-28T20:02:21 2023-02-28T20:02:21 2023-02-28T20:07:53  COMPLETED 
437576.37    2023-02-28T20:02:21 2023-02-28T20:02:21 2023-02-28T20:07:53  COMPLETED 
437576.38    2023-02-28T20:02:22 2023-02-28T20:02:22 2023-02-28T20:07:52  COMPLETED 
437576.39    2023-02-28T20:02:23 2023-02-28T20:02:23 2023-02-28T20:07:52  COMPLETED 
437576.40    2023-02-28T20:02:24 2023-02-28T20:02:24 2023-02-28T20:08:02  COMPLETED 
437576.41    2023-02-28T20:02:24 2023-02-28T20:02:24 2023-02-28T20:08:02  COMPLETED 
437576.42    2023-02-28T20:02:26 2023-02-28T20:02:26 2023-02-28T20:08:05  COMPLETED 
437576.43    2023-02-28T20:02:26 2023-02-28T20:02:26 2023-02-28T20:08:05  COMPLETED 
437576.44    2023-02-28T20:02:28 2023-02-28T20:02:28 2023-02-28T20:07:54  COMPLETED 
437576.45    2023-02-28T20:02:28 2023-02-28T20:02:28 2023-02-28T20:07:54  COMPLETED 
437576.46    2023-02-28T20:02:30 2023-02-28T20:02:30 2023-02-28T20:08:04  COMPLETED 
437576.47    2023-02-28T20:02:30 2023-02-28T20:02:30 2023-02-28T20:08:04  COMPLETED 
437576.48    2023-02-28T20:02:33 2023-02-28T20:02:33 2023-02-28T20:08:06  COMPLETED 
437576.49    2023-02-28T20:02:33 2023-02-28T20:02:33 2023-02-28T20:08:06  COMPLETED 
437576.50    2023-02-28T20:08:07 2023-02-28T20:08:07 2023-02-28T20:08:28  COMPLETED 
437576.51    2023-02-28T20:08:28 2023-02-28T20:08:28 2023-02-28T20:08:28  COMPLETED 
437576.52    2023-02-28T20:08:29 2023-02-28T20:08:29 2023-02-28T20:09:15  COMPLETED 
437576.53    2023-02-28T20:09:16 2023-02-28T20:09:16 2023-02-28T20:09:21  COMPLETED 
