hostlist = node32
node32.local
Fri Mar  3 15:53:57 PST 2023
node32
node32
node32
node32
node32
node32
node32
node32
node32
node32
node32
node32
Simulation finished... 0 minutes and 16 seconds elapsed.
/files0/oddite/tang584/molecular_dynamics_runs/stage0000/task0000:
total 4.7M
-rw-r--r-- 1 tang584 users    0 Mar  3 15:53 dummy.pdb
-rw-r--r-- 1 tang584 users    0 Mar  3 15:53 residue_100.dcd
-rw-r--r-- 1 tang584 users 4.1M Mar  3 15:53 residue_100.h5

/files0/oddite/tang584/molecular_dynamics_runs/stage0000/task0001:
total 4.7M
-rw-r--r-- 1 tang584 users    0 Mar  3 15:53 dummy.pdb
-rw-r--r-- 1 tang584 users    0 Mar  3 15:53 residue_100.dcd
-rw-r--r-- 1 tang584 users 4.2M Mar  3 15:53 residue_100.h5

/files0/oddite/tang584/molecular_dynamics_runs/stage0000/task0002:
total 4.7M
-rw-r--r-- 1 tang584 users    0 Mar  3 15:53 dummy.pdb
-rw-r--r-- 1 tang584 users    0 Mar  3 15:53 residue_100.dcd
-rw-r--r-- 1 tang584 users 4.2M Mar  3 15:53 residue_100.h5

/files0/oddite/tang584/molecular_dynamics_runs/stage0000/task0003:
total 4.6M
-rw-r--r-- 1 tang584 users    0 Mar  3 15:53 dummy.pdb
-rw-r--r-- 1 tang584 users    0 Mar  3 15:53 residue_100.dcd
-rw-r--r-- 1 tang584 users 4.1M Mar  3 15:53 residue_100.h5

/files0/oddite/tang584/molecular_dynamics_runs/stage0000/task0004:
total 4.7M
-rw-r--r-- 1 tang584 users    0 Mar  3 15:53 dummy.pdb
-rw-r--r-- 1 tang584 users    0 Mar  3 15:53 residue_100.dcd
-rw-r--r-- 1 tang584 users 4.2M Mar  3 15:53 residue_100.h5

/files0/oddite/tang584/molecular_dynamics_runs/stage0000/task0005:
total 4.6M
-rw-r--r-- 1 tang584 users    0 Mar  3 15:53 dummy.pdb
-rw-r--r-- 1 tang584 users    0 Mar  3 15:53 residue_100.dcd
-rw-r--r-- 1 tang584 users 4.1M Mar  3 15:53 residue_100.h5

/files0/oddite/tang584/molecular_dynamics_runs/stage0000/task0006:
total 4.7M
-rw-r--r-- 1 tang584 users    0 Mar  3 15:53 dummy.pdb
-rw-r--r-- 1 tang584 users    0 Mar  3 15:53 residue_100.dcd
-rw-r--r-- 1 tang584 users 4.1M Mar  3 15:53 residue_100.h5

/files0/oddite/tang584/molecular_dynamics_runs/stage0000/task0007:
total 4.7M
-rw-r--r-- 1 tang584 users    0 Mar  3 15:53 dummy.pdb
-rw-r--r-- 1 tang584 users    0 Mar  3 15:53 residue_100.dcd
-rw-r--r-- 1 tang584 users 4.2M Mar  3 15:53 residue_100.h5

/files0/oddite/tang584/molecular_dynamics_runs/stage0000/task0008:
total 4.6M
-rw-r--r-- 1 tang584 users    0 Mar  3 15:53 dummy.pdb
-rw-r--r-- 1 tang584 users    0 Mar  3 15:53 residue_100.dcd
-rw-r--r-- 1 tang584 users 4.1M Mar  3 15:53 residue_100.h5

/files0/oddite/tang584/molecular_dynamics_runs/stage0000/task0009:
total 4.6M
-rw-r--r-- 1 tang584 users    0 Mar  3 15:53 dummy.pdb
-rw-r--r-- 1 tang584 users    0 Mar  3 15:53 residue_100.dcd
-rw-r--r-- 1 tang584 users 4.1M Mar  3 15:53 residue_100.h5

/files0/oddite/tang584/molecular_dynamics_runs/stage0000/task0010:
total 4.7M
-rw-r--r-- 1 tang584 users    0 Mar  3 15:53 dummy.pdb
-rw-r--r-- 1 tang584 users    0 Mar  3 15:53 residue_100.dcd
-rw-r--r-- 1 tang584 users 4.1M Mar  3 15:53 residue_100.h5

/files0/oddite/tang584/molecular_dynamics_runs/stage0000/task0011:
total 4.7M
-rw-r--r-- 1 tang584 users    0 Mar  3 15:53 dummy.pdb
-rw-r--r-- 1 tang584 users    0 Mar  3 15:53 residue_100.dcd
-rw-r--r-- 1 tang584 users 4.2M Mar  3 15:53 residue_100.h5
Aggregation finished... 0 minutes and 9 seconds elapsed.
-rw-r--r-- 1 tang584 users 49M Mar  3 15:53 aggregate.h5
node32.local
Fri Mar  3 15:54:25 PST 2023
       JobID              Submit               Start                 End      State 
------------ ------------------- ------------------- ------------------- ---------- 
437840       2023-03-03T15:53:00 2023-03-03T15:53:00             Unknown    RUNNING 
437840.0     2023-03-03T15:53:08 2023-03-03T15:53:08 2023-03-03T15:53:08  COMPLETED 
437840.1     2023-03-03T15:53:08 2023-03-03T15:53:08             Unknown    RUNNING 
437840.2     2023-03-03T15:53:11 2023-03-03T15:53:11 2023-03-03T15:53:27  COMPLETED 
437840.3     2023-03-03T15:53:11 2023-03-03T15:53:11 2023-03-03T15:53:28  COMPLETED 
437840.4     2023-03-03T15:53:11 2023-03-03T15:53:11 2023-03-03T15:53:28  COMPLETED 
437840.5     2023-03-03T15:53:11 2023-03-03T15:53:11 2023-03-03T15:53:28  COMPLETED 
437840.6     2023-03-03T15:53:11 2023-03-03T15:53:11 2023-03-03T15:53:28  COMPLETED 
437840.7     2023-03-03T15:53:11 2023-03-03T15:53:11 2023-03-03T15:53:27  COMPLETED 
437840.8     2023-03-03T15:53:11 2023-03-03T15:53:11 2023-03-03T15:53:27  COMPLETED 
437840.9     2023-03-03T15:53:11 2023-03-03T15:53:11 2023-03-03T15:53:28  COMPLETED 
437840.10    2023-03-03T15:53:11 2023-03-03T15:53:11 2023-03-03T15:53:27  COMPLETED 
437840.11    2023-03-03T15:53:11 2023-03-03T15:53:11 2023-03-03T15:53:28  COMPLETED 
437840.12    2023-03-03T15:53:11 2023-03-03T15:53:11 2023-03-03T15:53:28  COMPLETED 
437840.13    2023-03-03T15:53:11 2023-03-03T15:53:11 2023-03-03T15:53:27  COMPLETED 
437840.14    2023-03-03T15:53:11 2023-03-03T15:53:11 2023-03-03T15:53:28  COMPLETED 
437840.15    2023-03-03T15:53:11 2023-03-03T15:53:11 2023-03-03T15:53:28  COMPLETED 
437840.16    2023-03-03T15:53:11 2023-03-03T15:53:11 2023-03-03T15:53:28  COMPLETED 
437840.17    2023-03-03T15:53:11 2023-03-03T15:53:11 2023-03-03T15:53:26  COMPLETED 
437840.18    2023-03-03T15:53:11 2023-03-03T15:53:11 2023-03-03T15:53:28  COMPLETED 
437840.19    2023-03-03T15:53:11 2023-03-03T15:53:11 2023-03-03T15:53:27  COMPLETED 
437840.20    2023-03-03T15:53:11 2023-03-03T15:53:11 2023-03-03T15:53:27  COMPLETED 
437840.21    2023-03-03T15:53:11 2023-03-03T15:53:11 2023-03-03T15:53:28  COMPLETED 
437840.22    2023-03-03T15:53:11 2023-03-03T15:53:11 2023-03-03T15:53:27  COMPLETED 
437840.23    2023-03-03T15:53:11 2023-03-03T15:53:11 2023-03-03T15:53:28  COMPLETED 
437840.24    2023-03-03T15:53:11 2023-03-03T15:53:11 2023-03-03T15:53:26  COMPLETED 
437840.25    2023-03-03T15:53:11 2023-03-03T15:53:11 2023-03-03T15:53:28  COMPLETED 
437840.26    2023-03-03T15:53:28 2023-03-03T15:53:28 2023-03-03T15:53:36  COMPLETED 
