hostlist = node32,node35
node32.local
Fri Mar  3 15:35:46 PST 2023
node32
node32
node32
node32
node32
node32
node35
node35
node35
node35
node35
node35
Simulation finished... 0 minutes and 17 seconds elapsed.
/files0/oddite/tang584/molecular_dynamics_runs/stage0000/task0000:
total 6.5M
-rw-r--r-- 1 tang584 users    0 Mar  3 15:35 dummy.pdb
-rw-r--r-- 1 tang584 users 1.9M Mar  3 15:35 residue_100.dcd
-rw-r--r-- 1 tang584 users 4.2M Mar  3 15:35 residue_100.h5

/files0/oddite/tang584/molecular_dynamics_runs/stage0000/task0001:
total 6.2M
-rw-r--r-- 1 tang584 users    0 Mar  3 15:35 dummy.pdb
-rw-r--r-- 1 tang584 users 1.9M Mar  3 15:35 residue_100.dcd
-rw-r--r-- 1 tang584 users 4.2M Mar  3 15:35 residue_100.h5

/files0/oddite/tang584/molecular_dynamics_runs/stage0000/task0002:
total 6.0M
-rw-r--r-- 1 tang584 users    0 Mar  3 15:35 dummy.pdb
-rw-r--r-- 1 tang584 users 1.9M Mar  3 15:35 residue_100.dcd
-rw-r--r-- 1 tang584 users 4.2M Mar  3 15:35 residue_100.h5

/files0/oddite/tang584/molecular_dynamics_runs/stage0000/task0003:
total 6.0M
-rw-r--r-- 1 tang584 users    0 Mar  3 15:35 dummy.pdb
-rw-r--r-- 1 tang584 users 1.9M Mar  3 15:35 residue_100.dcd
-rw-r--r-- 1 tang584 users 4.2M Mar  3 15:35 residue_100.h5

/files0/oddite/tang584/molecular_dynamics_runs/stage0000/task0004:
total 6.0M
-rw-r--r-- 1 tang584 users    0 Mar  3 15:35 dummy.pdb
-rw-r--r-- 1 tang584 users 1.9M Mar  3 15:35 residue_100.dcd
-rw-r--r-- 1 tang584 users 4.1M Mar  3 15:35 residue_100.h5

/files0/oddite/tang584/molecular_dynamics_runs/stage0000/task0005:
total 6.5M
-rw-r--r-- 1 tang584 users    0 Mar  3 15:35 dummy.pdb
-rw-r--r-- 1 tang584 users 1.9M Mar  3 15:35 residue_100.dcd
-rw-r--r-- 1 tang584 users 4.1M Mar  3 15:35 residue_100.h5

/files0/oddite/tang584/molecular_dynamics_runs/stage0000/task0006:
total 6.0M
-rw-r--r-- 1 tang584 users    0 Mar  3 15:35 dummy.pdb
-rw-r--r-- 1 tang584 users 1.9M Mar  3 15:35 residue_100.dcd
-rw-r--r-- 1 tang584 users 4.1M Mar  3 15:35 residue_100.h5

/files0/oddite/tang584/molecular_dynamics_runs/stage0000/task0007:
total 6.1M
-rw-r--r-- 1 tang584 users    0 Mar  3 15:35 dummy.pdb
-rw-r--r-- 1 tang584 users 1.9M Mar  3 15:35 residue_100.dcd
-rw-r--r-- 1 tang584 users 4.1M Mar  3 15:35 residue_100.h5

/files0/oddite/tang584/molecular_dynamics_runs/stage0000/task0008:
total 6.5M
-rw-r--r-- 1 tang584 users    0 Mar  3 15:35 dummy.pdb
-rw-r--r-- 1 tang584 users 1.9M Mar  3 15:35 residue_100.dcd
-rw-r--r-- 1 tang584 users 4.2M Mar  3 15:35 residue_100.h5

/files0/oddite/tang584/molecular_dynamics_runs/stage0000/task0009:
total 6.5M
-rw-r--r-- 1 tang584 users    0 Mar  3 15:35 dummy.pdb
-rw-r--r-- 1 tang584 users 1.9M Mar  3 15:35 residue_100.dcd
-rw-r--r-- 1 tang584 users 4.1M Mar  3 15:35 residue_100.h5

/files0/oddite/tang584/molecular_dynamics_runs/stage0000/task0010:
total 6.5M
-rw-r--r-- 1 tang584 users    0 Mar  3 15:35 dummy.pdb
-rw-r--r-- 1 tang584 users 1.9M Mar  3 15:35 residue_100.dcd
-rw-r--r-- 1 tang584 users 4.1M Mar  3 15:35 residue_100.h5

/files0/oddite/tang584/molecular_dynamics_runs/stage0000/task0011:
total 6.5M
-rw-r--r-- 1 tang584 users    0 Mar  3 15:35 dummy.pdb
-rw-r--r-- 1 tang584 users 1.9M Mar  3 15:35 residue_100.dcd
-rw-r--r-- 1 tang584 users 4.1M Mar  3 15:35 residue_100.h5
Aggregation finished... 0 minutes and 8 seconds elapsed.
-rw-r--r-- 1 tang584 users 49M Mar  3 15:35 aggregate.h5
node32.local
Fri Mar  3 15:36:16 PST 2023
       JobID              Submit               Start                 End      State 
------------ ------------------- ------------------- ------------------- ---------- 
437829       2023-03-03T15:34:48 2023-03-03T15:34:49             Unknown    RUNNING 
437829.0     2023-03-03T15:34:58 2023-03-03T15:34:58 2023-03-03T15:34:59  COMPLETED 
437829.1     2023-03-03T15:34:59 2023-03-03T15:34:59             Unknown    RUNNING 
437829.2     2023-03-03T15:35:02 2023-03-03T15:35:02 2023-03-03T15:35:13  COMPLETED 
437829.3     2023-03-03T15:35:02 2023-03-03T15:35:02 2023-03-03T15:35:19  COMPLETED 
437829.4     2023-03-03T15:35:03 2023-03-03T15:35:03 2023-03-03T15:35:19  COMPLETED 
437829.5     2023-03-03T15:35:03 2023-03-03T15:35:03 2023-03-03T15:35:19  COMPLETED 
437829.6     2023-03-03T15:35:03 2023-03-03T15:35:03 2023-03-03T15:35:19  COMPLETED 
437829.7     2023-03-03T15:35:03 2023-03-03T15:35:03 2023-03-03T15:35:13  COMPLETED 
437829.8     2023-03-03T15:35:03 2023-03-03T15:35:03 2023-03-03T15:35:19  COMPLETED 
437829.9     2023-03-03T15:35:03 2023-03-03T15:35:03 2023-03-03T15:35:19  COMPLETED 
437829.10    2023-03-03T15:35:03 2023-03-03T15:35:03 2023-03-03T15:35:19  COMPLETED 
437829.11    2023-03-03T15:35:03 2023-03-03T15:35:03 2023-03-03T15:35:19  COMPLETED 
437829.12    2023-03-03T15:35:03 2023-03-03T15:35:03 2023-03-03T15:35:19  COMPLETED 
437829.13    2023-03-03T15:35:03 2023-03-03T15:35:03 2023-03-03T15:35:19  COMPLETED 
437829.14    2023-03-03T15:35:03 2023-03-03T15:35:03 2023-03-03T15:35:15  COMPLETED 
437829.15    2023-03-03T15:35:03 2023-03-03T15:35:03 2023-03-03T15:35:19  COMPLETED 
437829.16    2023-03-03T15:35:03 2023-03-03T15:35:03 2023-03-03T15:35:19  COMPLETED 
437829.17    2023-03-03T15:35:03 2023-03-03T15:35:03 2023-03-03T15:35:19  COMPLETED 
437829.18    2023-03-03T15:35:03 2023-03-03T15:35:03 2023-03-03T15:35:17  COMPLETED 
437829.19    2023-03-03T15:35:03 2023-03-03T15:35:03 2023-03-03T15:35:19  COMPLETED 
437829.20    2023-03-03T15:35:03 2023-03-03T15:35:03 2023-03-03T15:35:19  COMPLETED 
437829.21    2023-03-03T15:35:03 2023-03-03T15:35:03 2023-03-03T15:35:19  COMPLETED 
437829.22    2023-03-03T15:35:03 2023-03-03T15:35:03 2023-03-03T15:35:15  COMPLETED 
437829.23    2023-03-03T15:35:03 2023-03-03T15:35:03 2023-03-03T15:35:19  COMPLETED 
437829.24    2023-03-03T15:35:03 2023-03-03T15:35:03 2023-03-03T15:35:19  COMPLETED 
437829.25    2023-03-03T15:35:03 2023-03-03T15:35:03 2023-03-03T15:35:17  COMPLETED 
437829.26    2023-03-03T15:35:19 2023-03-03T15:35:19 2023-03-03T15:35:27  COMPLETED 
